<?xml version="1.0" encoding="UTF-8"?>
<!-- Generated by org.testng.reporters.JUnitReportReporter -->
<testsuite hostname="Sneha-PC" name="com.test.pages.apiDemos.initializationPage" tests="1" failures="0" timestamp="12 May 2018 16:43:01 GMT" time="34.260" errors="0">
  <testcase name="f" time="34.260" classname="com.test.pages.apiDemos.initializationPage"/>
</testsuite> <!-- com.test.pages.apiDemos.initializationPage -->
